<?xml version="1.0" encoding="UTF-8"?>
<!-- Generated by org.testng.reporters.JUnitReportReporter -->
<testsuite skipped="0" hostname="Lenovo-PC" name="maven.End2EndProject.LoginPage" tests="1" failures="0" timestamp="29 Oct 2018 09:29:08 GMT" time="4.958" errors="0">
  <testcase name="test1" time="4.958" classname="maven.End2EndProject.LoginPage"/>
</testsuite> <!-- maven.End2EndProject.LoginPage -->
